{"/Users/miranda/sdc-ambrosia-qa/db/db.js": {"path":"/Users/miranda/sdc-ambrosia-qa/db/db.js","statementMap":{"0":{"start":{"line":1,"column":17},"end":{"line":1,"column":30}},"1":{"start":{"line":3,"column":13},"end":{"line":8,"column":2}},"2":{"start":{"line":10,"column":0},"end":{"line":15,"column":1}},"3":{"start":{"line":12,"column":4},"end":{"line":12,"column":45}}},"fnMap":{"0":{"name":"(anonymous_0)","decl":{"start":{"line":11,"column":9},"end":{"line":11,"column":10}},"loc":{"start":{"line":11,"column":37},"end":{"line":13,"column":3}},"line":11}},"branchMap":{},"s":{"0":1,"1":1,"2":1,"3":10},"f":{"0":10},"b":{},"_coverageSchema":"1a1c01bbd47fc00a2c39e90264f33305004495a9","hash":"4aaa56047670f0dbda4c1a12a5c4489f3cabbbc5"}
,"/Users/miranda/sdc-ambrosia-qa/server/server.js": {"path":"/Users/miranda/sdc-ambrosia-qa/server/server.js","statementMap":{"0":{"start":{"line":1,"column":16},"end":{"line":1,"column":34}},"1":{"start":{"line":2,"column":10},"end":{"line":2,"column":19}},"2":{"start":{"line":3,"column":0},"end":{"line":3,"column":24}},"3":{"start":{"line":4,"column":0},"end":{"line":4,"column":45}},"4":{"start":{"line":5,"column":13},"end":{"line":5,"column":29}},"5":{"start":{"line":14,"column":10},"end":{"line":14,"column":40}},"6":{"start":{"line":16,"column":0},"end":{"line":18,"column":3}},"7":{"start":{"line":17,"column":2},"end":{"line":17,"column":50}},"8":{"start":{"line":20,"column":0},"end":{"line":23,"column":3}},"9":{"start":{"line":22,"column":2},"end":{"line":22,"column":25}},"10":{"start":{"line":25,"column":0},"end":{"line":27,"column":3}},"11":{"start":{"line":26,"column":2},"end":{"line":26,"column":23}},"12":{"start":{"line":29,"column":0},"end":{"line":31,"column":3}},"13":{"start":{"line":30,"column":2},"end":{"line":30,"column":24}},"14":{"start":{"line":33,"column":0},"end":{"line":35,"column":3}},"15":{"start":{"line":34,"column":2},"end":{"line":34,"column":22}},"16":{"start":{"line":37,"column":0},"end":{"line":39,"column":3}},"17":{"start":{"line":38,"column":2},"end":{"line":38,"column":23}},"18":{"start":{"line":41,"column":0},"end":{"line":43,"column":3}},"19":{"start":{"line":42,"column":2},"end":{"line":42,"column":23}},"20":{"start":{"line":45,"column":0},"end":{"line":47,"column":3}},"21":{"start":{"line":46,"column":2},"end":{"line":46,"column":24}},"22":{"start":{"line":49,"column":0},"end":{"line":51,"column":3}},"23":{"start":{"line":50,"column":2},"end":{"line":50,"column":23}},"24":{"start":{"line":53,"column":0},"end":{"line":53,"column":16}},"25":{"start":{"line":55,"column":0},"end":{"line":55,"column":21}},"26":{"start":{"line":57,"column":13},"end":{"line":57,"column":17}},"27":{"start":{"line":59,"column":0},"end":{"line":61,"column":3}},"28":{"start":{"line":60,"column":2},"end":{"line":60,"column":43}}},"fnMap":{"0":{"name":"(anonymous_0)","decl":{"start":{"line":16,"column":16},"end":{"line":16,"column":17}},"loc":{"start":{"line":16,"column":30},"end":{"line":18,"column":1}},"line":16},"1":{"name":"(anonymous_1)","decl":{"start":{"line":20,"column":40},"end":{"line":20,"column":41}},"loc":{"start":{"line":20,"column":54},"end":{"line":23,"column":1}},"line":20},"2":{"name":"(anonymous_2)","decl":{"start":{"line":25,"column":49},"end":{"line":25,"column":50}},"loc":{"start":{"line":25,"column":63},"end":{"line":27,"column":1}},"line":25},"3":{"name":"(anonymous_3)","decl":{"start":{"line":29,"column":29},"end":{"line":29,"column":30}},"loc":{"start":{"line":29,"column":43},"end":{"line":31,"column":1}},"line":29},"4":{"name":"(anonymous_4)","decl":{"start":{"line":33,"column":50},"end":{"line":33,"column":51}},"loc":{"start":{"line":33,"column":64},"end":{"line":35,"column":1}},"line":33},"5":{"name":"(anonymous_5)","decl":{"start":{"line":37,"column":49},"end":{"line":37,"column":50}},"loc":{"start":{"line":37,"column":63},"end":{"line":39,"column":1}},"line":37},"6":{"name":"(anonymous_6)","decl":{"start":{"line":41,"column":48},"end":{"line":41,"column":49}},"loc":{"start":{"line":41,"column":62},"end":{"line":43,"column":1}},"line":41},"7":{"name":"(anonymous_7)","decl":{"start":{"line":45,"column":45},"end":{"line":45,"column":46}},"loc":{"start":{"line":45,"column":59},"end":{"line":47,"column":1}},"line":45},"8":{"name":"(anonymous_8)","decl":{"start":{"line":49,"column":44},"end":{"line":49,"column":45}},"loc":{"start":{"line":49,"column":58},"end":{"line":51,"column":1}},"line":49},"9":{"name":"(anonymous_9)","decl":{"start":{"line":59,"column":17},"end":{"line":59,"column":18}},"loc":{"start":{"line":59,"column":23},"end":{"line":61,"column":1}},"line":59}},"branchMap":{},"s":{"0":1,"1":1,"2":1,"3":1,"4":1,"5":1,"6":1,"7":1,"8":1,"9":3,"10":1,"11":1,"12":1,"13":1,"14":1,"15":1,"16":1,"17":1,"18":1,"19":1,"20":1,"21":1,"22":1,"23":1,"24":1,"25":1,"26":1,"27":1,"28":1},"f":{"0":1,"1":3,"2":1,"3":1,"4":1,"5":1,"6":1,"7":1,"8":1,"9":1},"b":{},"_coverageSchema":"1a1c01bbd47fc00a2c39e90264f33305004495a9","hash":"b7abf6dbd80f12124418a4b6f3ca14047d30e809"}
,"/Users/miranda/sdc-ambrosia-qa/server/controllers/qa.js": {"path":"/Users/miranda/sdc-ambrosia-qa/server/controllers/qa.js","statementMap":{"0":{"start":{"line":1,"column":11},"end":{"line":1,"column":36}},"1":{"start":{"line":3,"column":0},"end":{"line":23,"column":1}},"2":{"start":{"line":4,"column":19},"end":{"line":4,"column":40}},"3":{"start":{"line":5,"column":2},"end":{"line":22,"column":6}},"4":{"start":{"line":16,"column":6},"end":{"line":16,"column":29}},"5":{"start":{"line":17,"column":6},"end":{"line":17,"column":38}},"6":{"start":{"line":20,"column":6},"end":{"line":20,"column":23}},"7":{"start":{"line":21,"column":6},"end":{"line":21,"column":29}},"8":{"start":{"line":25,"column":0},"end":{"line":44,"column":2}},"9":{"start":{"line":26,"column":13},"end":{"line":26,"column":35}},"10":{"start":{"line":27,"column":2},"end":{"line":43,"column":6}},"11":{"start":{"line":38,"column":6},"end":{"line":38,"column":29}},"12":{"start":{"line":39,"column":6},"end":{"line":39,"column":38}},"13":{"start":{"line":42,"column":6},"end":{"line":42,"column":29}},"14":{"start":{"line":46,"column":0},"end":{"line":65,"column":1}},"15":{"start":{"line":47,"column":13},"end":{"line":47,"column":21}},"16":{"start":{"line":48,"column":2},"end":{"line":64,"column":6}},"17":{"start":{"line":59,"column":6},"end":{"line":59,"column":29}},"18":{"start":{"line":62,"column":6},"end":{"line":62,"column":23}},"19":{"start":{"line":63,"column":6},"end":{"line":63,"column":29}},"20":{"start":{"line":67,"column":0},"end":{"line":93,"column":1}},"21":{"start":{"line":68,"column":13},"end":{"line":68,"column":35}},"22":{"start":{"line":69,"column":13},"end":{"line":69,"column":21}},"23":{"start":{"line":70,"column":2},"end":{"line":92,"column":4}},"24":{"start":{"line":87,"column":4},"end":{"line":87,"column":27}},"25":{"start":{"line":90,"column":4},"end":{"line":90,"column":21}},"26":{"start":{"line":91,"column":4},"end":{"line":91,"column":27}},"27":{"start":{"line":95,"column":0},"end":{"line":108,"column":1}},"28":{"start":{"line":96,"column":13},"end":{"line":96,"column":35}},"29":{"start":{"line":97,"column":2},"end":{"line":107,"column":6}},"30":{"start":{"line":101,"column":6},"end":{"line":101,"column":26}},"31":{"start":{"line":102,"column":6},"end":{"line":102,"column":29}},"32":{"start":{"line":105,"column":6},"end":{"line":105,"column":23}},"33":{"start":{"line":106,"column":6},"end":{"line":106,"column":29}},"34":{"start":{"line":110,"column":0},"end":{"line":123,"column":1}},"35":{"start":{"line":111,"column":13},"end":{"line":111,"column":35}},"36":{"start":{"line":112,"column":2},"end":{"line":122,"column":6}},"37":{"start":{"line":116,"column":6},"end":{"line":116,"column":26}},"38":{"start":{"line":117,"column":6},"end":{"line":117,"column":29}},"39":{"start":{"line":120,"column":6},"end":{"line":120,"column":23}},"40":{"start":{"line":121,"column":6},"end":{"line":121,"column":29}},"41":{"start":{"line":125,"column":0},"end":{"line":138,"column":1}},"42":{"start":{"line":126,"column":13},"end":{"line":126,"column":33}},"43":{"start":{"line":127,"column":2},"end":{"line":137,"column":6}},"44":{"start":{"line":131,"column":6},"end":{"line":131,"column":26}},"45":{"start":{"line":132,"column":6},"end":{"line":132,"column":29}},"46":{"start":{"line":135,"column":6},"end":{"line":135,"column":23}},"47":{"start":{"line":136,"column":6},"end":{"line":136,"column":29}},"48":{"start":{"line":140,"column":0},"end":{"line":153,"column":1}},"49":{"start":{"line":141,"column":13},"end":{"line":141,"column":33}},"50":{"start":{"line":142,"column":2},"end":{"line":152,"column":6}},"51":{"start":{"line":146,"column":6},"end":{"line":146,"column":26}},"52":{"start":{"line":147,"column":6},"end":{"line":147,"column":29}},"53":{"start":{"line":150,"column":6},"end":{"line":150,"column":23}},"54":{"start":{"line":151,"column":6},"end":{"line":151,"column":29}}},"fnMap":{"0":{"name":"(anonymous_0)","decl":{"start":{"line":3,"column":23},"end":{"line":3,"column":24}},"loc":{"start":{"line":3,"column":37},"end":{"line":23,"column":1}},"line":3},"1":{"name":"(anonymous_1)","decl":{"start":{"line":15,"column":10},"end":{"line":15,"column":11}},"loc":{"start":{"line":15,"column":20},"end":{"line":18,"column":5}},"line":15},"2":{"name":"(anonymous_2)","decl":{"start":{"line":19,"column":11},"end":{"line":19,"column":12}},"loc":{"start":{"line":19,"column":18},"end":{"line":22,"column":5}},"line":19},"3":{"name":"(anonymous_3)","decl":{"start":{"line":25,"column":21},"end":{"line":25,"column":22}},"loc":{"start":{"line":25,"column":35},"end":{"line":44,"column":1}},"line":25},"4":{"name":"(anonymous_4)","decl":{"start":{"line":37,"column":10},"end":{"line":37,"column":11}},"loc":{"start":{"line":37,"column":20},"end":{"line":40,"column":5}},"line":37},"5":{"name":"(anonymous_5)","decl":{"start":{"line":41,"column":11},"end":{"line":41,"column":12}},"loc":{"start":{"line":41,"column":18},"end":{"line":43,"column":5}},"line":41},"6":{"name":"(anonymous_6)","decl":{"start":{"line":46,"column":22},"end":{"line":46,"column":23}},"loc":{"start":{"line":46,"column":36},"end":{"line":65,"column":1}},"line":46},"7":{"name":"(anonymous_7)","decl":{"start":{"line":58,"column":10},"end":{"line":58,"column":11}},"loc":{"start":{"line":58,"column":16},"end":{"line":60,"column":5}},"line":58},"8":{"name":"(anonymous_8)","decl":{"start":{"line":61,"column":11},"end":{"line":61,"column":12}},"loc":{"start":{"line":61,"column":18},"end":{"line":64,"column":5}},"line":61},"9":{"name":"(anonymous_9)","decl":{"start":{"line":67,"column":20},"end":{"line":67,"column":21}},"loc":{"start":{"line":67,"column":34},"end":{"line":93,"column":1}},"line":67},"10":{"name":"(anonymous_10)","decl":{"start":{"line":86,"column":8},"end":{"line":86,"column":9}},"loc":{"start":{"line":86,"column":14},"end":{"line":88,"column":3}},"line":86},"11":{"name":"(anonymous_11)","decl":{"start":{"line":89,"column":9},"end":{"line":89,"column":10}},"loc":{"start":{"line":89,"column":16},"end":{"line":92,"column":3}},"line":89},"12":{"name":"(anonymous_12)","decl":{"start":{"line":95,"column":22},"end":{"line":95,"column":23}},"loc":{"start":{"line":95,"column":36},"end":{"line":108,"column":1}},"line":95},"13":{"name":"(anonymous_13)","decl":{"start":{"line":100,"column":10},"end":{"line":100,"column":11}},"loc":{"start":{"line":100,"column":22},"end":{"line":103,"column":5}},"line":100},"14":{"name":"(anonymous_14)","decl":{"start":{"line":104,"column":11},"end":{"line":104,"column":12}},"loc":{"start":{"line":104,"column":18},"end":{"line":107,"column":5}},"line":104},"15":{"name":"(anonymous_15)","decl":{"start":{"line":110,"column":21},"end":{"line":110,"column":22}},"loc":{"start":{"line":110,"column":35},"end":{"line":123,"column":1}},"line":110},"16":{"name":"(anonymous_16)","decl":{"start":{"line":115,"column":10},"end":{"line":115,"column":11}},"loc":{"start":{"line":115,"column":22},"end":{"line":118,"column":5}},"line":115},"17":{"name":"(anonymous_17)","decl":{"start":{"line":119,"column":11},"end":{"line":119,"column":12}},"loc":{"start":{"line":119,"column":18},"end":{"line":122,"column":5}},"line":119},"18":{"name":"(anonymous_18)","decl":{"start":{"line":125,"column":22},"end":{"line":125,"column":23}},"loc":{"start":{"line":125,"column":36},"end":{"line":138,"column":1}},"line":125},"19":{"name":"(anonymous_19)","decl":{"start":{"line":130,"column":10},"end":{"line":130,"column":11}},"loc":{"start":{"line":130,"column":22},"end":{"line":133,"column":5}},"line":130},"20":{"name":"(anonymous_20)","decl":{"start":{"line":134,"column":11},"end":{"line":134,"column":12}},"loc":{"start":{"line":134,"column":18},"end":{"line":137,"column":5}},"line":134},"21":{"name":"(anonymous_21)","decl":{"start":{"line":140,"column":21},"end":{"line":140,"column":22}},"loc":{"start":{"line":140,"column":35},"end":{"line":153,"column":1}},"line":140},"22":{"name":"(anonymous_22)","decl":{"start":{"line":145,"column":10},"end":{"line":145,"column":11}},"loc":{"start":{"line":145,"column":22},"end":{"line":148,"column":5}},"line":145},"23":{"name":"(anonymous_23)","decl":{"start":{"line":149,"column":11},"end":{"line":149,"column":12}},"loc":{"start":{"line":149,"column":18},"end":{"line":152,"column":5}},"line":149}},"branchMap":{},"s":{"0":1,"1":1,"2":3,"3":3,"4":3,"5":3,"6":0,"7":0,"8":1,"9":1,"10":1,"11":1,"12":1,"13":0,"14":1,"15":1,"16":1,"17":1,"18":0,"19":0,"20":1,"21":1,"22":1,"23":1,"24":1,"25":0,"26":0,"27":1,"28":1,"29":1,"30":1,"31":1,"32":0,"33":0,"34":1,"35":1,"36":1,"37":1,"38":1,"39":0,"40":0,"41":1,"42":1,"43":1,"44":1,"45":1,"46":0,"47":0,"48":1,"49":1,"50":1,"51":1,"52":1,"53":0,"54":0},"f":{"0":3,"1":3,"2":0,"3":1,"4":1,"5":0,"6":1,"7":1,"8":0,"9":1,"10":1,"11":0,"12":1,"13":1,"14":0,"15":1,"16":1,"17":0,"18":1,"19":1,"20":0,"21":1,"22":1,"23":0},"b":{},"_coverageSchema":"1a1c01bbd47fc00a2c39e90264f33305004495a9","hash":"cae00e05619df50c3f7770b91e6dd1b8397665d8"}
}
