TN:
SF:db/db.js
FN:11,(anonymous_0)
FNF:1
FNH:1
FNDA:10,(anonymous_0)
DA:1,1
DA:3,1
DA:10,1
DA:12,10
LF:4
LH:4
BRF:0
BRH:0
end_of_record
TN:
SF:server/server.js
FN:16,(anonymous_0)
FN:20,(anonymous_1)
FN:25,(anonymous_2)
FN:29,(anonymous_3)
FN:33,(anonymous_4)
FN:37,(anonymous_5)
FN:41,(anonymous_6)
FN:45,(anonymous_7)
FN:49,(anonymous_8)
FN:59,(anonymous_9)
FNF:10
FNH:10
FNDA:1,(anonymous_0)
FNDA:3,(anonymous_1)
FNDA:1,(anonymous_2)
FNDA:1,(anonymous_3)
FNDA:1,(anonymous_4)
FNDA:1,(anonymous_5)
FNDA:1,(anonymous_6)
FNDA:1,(anonymous_7)
FNDA:1,(anonymous_8)
FNDA:1,(anonymous_9)
DA:1,1
DA:2,1
DA:3,1
DA:4,1
DA:5,1
DA:14,1
DA:16,1
DA:17,1
DA:20,1
DA:22,3
DA:25,1
DA:26,1
DA:29,1
DA:30,1
DA:33,1
DA:34,1
DA:37,1
DA:38,1
DA:41,1
DA:42,1
DA:45,1
DA:46,1
DA:49,1
DA:50,1
DA:53,1
DA:55,1
DA:57,1
DA:59,1
DA:60,1
LF:29
LH:29
BRF:0
BRH:0
end_of_record
TN:
SF:server/controllers/qa.js
FN:3,(anonymous_0)
FN:15,(anonymous_1)
FN:19,(anonymous_2)
FN:25,(anonymous_3)
FN:37,(anonymous_4)
FN:41,(anonymous_5)
FN:46,(anonymous_6)
FN:58,(anonymous_7)
FN:61,(anonymous_8)
FN:67,(anonymous_9)
FN:86,(anonymous_10)
FN:89,(anonymous_11)
FN:95,(anonymous_12)
FN:100,(anonymous_13)
FN:104,(anonymous_14)
FN:110,(anonymous_15)
FN:115,(anonymous_16)
FN:119,(anonymous_17)
FN:125,(anonymous_18)
FN:130,(anonymous_19)
FN:134,(anonymous_20)
FN:140,(anonymous_21)
FN:145,(anonymous_22)
FN:149,(anonymous_23)
FNF:24
FNH:16
FNDA:3,(anonymous_0)
FNDA:3,(anonymous_1)
FNDA:0,(anonymous_2)
FNDA:1,(anonymous_3)
FNDA:1,(anonymous_4)
FNDA:0,(anonymous_5)
FNDA:1,(anonymous_6)
FNDA:1,(anonymous_7)
FNDA:0,(anonymous_8)
FNDA:1,(anonymous_9)
FNDA:1,(anonymous_10)
FNDA:0,(anonymous_11)
FNDA:1,(anonymous_12)
FNDA:1,(anonymous_13)
FNDA:0,(anonymous_14)
FNDA:1,(anonymous_15)
FNDA:1,(anonymous_16)
FNDA:0,(anonymous_17)
FNDA:1,(anonymous_18)
FNDA:1,(anonymous_19)
FNDA:0,(anonymous_20)
FNDA:1,(anonymous_21)
FNDA:1,(anonymous_22)
FNDA:0,(anonymous_23)
DA:1,1
DA:3,1
DA:4,3
DA:5,3
DA:16,3
DA:17,3
DA:20,0
DA:21,0
DA:25,1
DA:26,1
DA:27,1
DA:38,1
DA:39,1
DA:42,0
DA:46,1
DA:47,1
DA:48,1
DA:59,1
DA:62,0
DA:63,0
DA:67,1
DA:68,1
DA:69,1
DA:70,1
DA:87,1
DA:90,0
DA:91,0
DA:95,1
DA:96,1
DA:97,1
DA:101,1
DA:102,1
DA:105,0
DA:106,0
DA:110,1
DA:111,1
DA:112,1
DA:116,1
DA:117,1
DA:120,0
DA:121,0
DA:125,1
DA:126,1
DA:127,1
DA:131,1
DA:132,1
DA:135,0
DA:136,0
DA:140,1
DA:141,1
DA:142,1
DA:146,1
DA:147,1
DA:150,0
DA:151,0
LF:55
LH:40
BRF:0
BRH:0
end_of_record
